<?xml version="1.0" encoding="UTF-8"?>
<!-- Generated by org.testng.reporters.JUnitXMLReporter -->
<testsuite ignored="0" hostname="Rajeev" failures="0" tests="4" name="Test" time="10.346" errors="0" timestamp="2021-01-24T09:20:29 GMT">
  <testcase classname="testcases.GetFixtures" name="getFixtures" time="3.307"/>
  <testcase classname="testcases.StoreFixture" name="storeFixture" time="6.697"/>
  <testcase classname="testcases.UpdateFixture" name="storeFixture" time="0.136"/>
  <testcase classname="testcases.DeleteFixture" name="deleteFixture" time="0.133"/>
</testsuite> <!-- Test -->
