<?xml version="1.0" encoding="UTF-8"?>
<testng-results ignored="0" total="1" passed="1" failed="0" skipped="0">
  <reporter-output>
  </reporter-output>
  <suite started-at="2021-01-24T09:30:55 GMT" name="Default suite" finished-at="2021-01-24T09:30:58 GMT" duration-ms="2756">
    <groups>
    </groups>
    <test started-at="2021-01-24T09:30:55 GMT" name="Default test" finished-at="2021-01-24T09:30:58 GMT" duration-ms="2756">
      <class name="testcases.DeleteFixture">
        <test-method signature="deleteFixture()[pri:0, instance:testcases.DeleteFixture@6193932a]" started-at="2021-01-24T09:30:55 GMT" name="deleteFixture" finished-at="2021-01-24T09:30:57 GMT" duration-ms="2711" status="PASS">
          <reporter-output>
          </reporter-output>
        </test-method> <!-- deleteFixture -->
      </class> <!-- testcases.DeleteFixture -->
    </test> <!-- Default test -->
  </suite> <!-- Default suite -->
</testng-results>
